{"/home/joshua/Desktop/micro-frontend-vanilla/packages/app1/src/App1.tsx": {"path":"/home/joshua/Desktop/micro-frontend-vanilla/packages/app1/src/App1.tsx","statementMap":{"0":{"start":{"line":1,"column":0},"end":{"line":1,"column":101}},"1":{"start":{"line":7,"column":20},"end":{"line":35,"column":1}},"2":{"start":{"line":8,"column":2},"end":{"line":34,"column":null}},"3":{"start":{"line":37,"column":30},"end":{"line":77,"column":1}},"4":{"start":{"line":37,"column":43},"end":{"line":37,"column":52}},"5":{"start":{"line":46,"column":2},"end":{"line":76,"column":null}},"6":{"start":{"line":52,"column":29},"end":{"line":54,"column":null}},"7":{"start":{"line":66,"column":23},"end":{"line":70,"column":null}},"8":{"start":{"line":79,"column":0},"end":{"line":79,"column":null}}},"fnMap":{"0":{"name":"(anonymous_2)","decl":{"start":{"line":7,"column":20},"end":{"line":7,"column":null}},"loc":{"start":{"line":7,"column":20},"end":{"line":35,"column":1}}},"1":{"name":"(anonymous_3)","decl":{"start":{"line":37,"column":30},"end":{"line":37,"column":31}},"loc":{"start":{"line":37,"column":52},"end":{"line":77,"column":1}}},"2":{"name":"(anonymous_4)","decl":{"start":{"line":52,"column":18},"end":{"line":52,"column":19}},"loc":{"start":{"line":52,"column":24},"end":{"line":52,"column":30}}},"3":{"name":"(anonymous_5)","decl":{"start":{"line":66,"column":12},"end":{"line":66,"column":13}},"loc":{"start":{"line":66,"column":18},"end":{"line":66,"column":24}}}},"branchMap":{"0":{"loc":{"start":{"line":48,"column":7},"end":{"line":61,"column":null}},"type":"binary-expr","locations":[{"start":{"line":48,"column":7},"end":{"line":48,"column":17}},{"start":{"line":49,"column":8},"end":{"line":60,"column":null}}]},"1":{"loc":{"start":{"line":53,"column":37},"end":{"line":53,"column":111}},"type":"cond-expr","locations":[{"start":{"line":53,"column":68},"end":{"line":53,"column":88}},{"start":{"line":53,"column":91},"end":{"line":53,"column":111}}]},"2":{"loc":{"start":{"line":67,"column":27},"end":{"line":67,"column":101}},"type":"cond-expr","locations":[{"start":{"line":67,"column":58},"end":{"line":67,"column":78}},{"start":{"line":67,"column":81},"end":{"line":67,"column":101}}]},"3":{"loc":{"start":{"line":68,"column":18},"end":{"line":68,"column":47}},"type":"cond-expr","locations":[{"start":{"line":68,"column":31},"end":{"line":68,"column":38}},{"start":{"line":68,"column":41},"end":{"line":68,"column":47}}]}},"s":{"0":0,"1":0,"2":0,"3":0,"4":0,"5":0,"6":0,"7":0,"8":0},"f":{"0":0,"1":0,"2":0,"3":0},"b":{"0":[0,0],"1":[0,0],"2":[0,0],"3":[0,0]}}
,"/home/joshua/Desktop/micro-frontend-vanilla/packages/app1/src/Shell.tsx": {"path":"/home/joshua/Desktop/micro-frontend-vanilla/packages/app1/src/Shell.tsx","statementMap":{"0":{"start":{"line":1,"column":0},"end":{"line":1,"column":120}},"1":{"start":{"line":7,"column":24},"end":{"line":68,"column":1}},"2":{"start":{"line":7,"column":35},"end":{"line":7,"column":44}},"3":{"start":{"line":9,"column":22},"end":{"line":37,"column":3}},"4":{"start":{"line":10,"column":4},"end":{"line":36,"column":null}},"5":{"start":{"line":39,"column":2},"end":{"line":67,"column":4}},"6":{"start":{"line":44,"column":27},"end":{"line":46,"column":null}},"7":{"start":{"line":56,"column":23},"end":{"line":60,"column":null}},"8":{"start":{"line":70,"column":0},"end":{"line":70,"column":null}}},"fnMap":{"0":{"name":"(anonymous_2)","decl":{"start":{"line":7,"column":24},"end":{"line":7,"column":25}},"loc":{"start":{"line":7,"column":44},"end":{"line":68,"column":1}}},"1":{"name":"(anonymous_3)","decl":{"start":{"line":9,"column":22},"end":{"line":9,"column":null}},"loc":{"start":{"line":9,"column":22},"end":{"line":37,"column":3}}},"2":{"name":"(anonymous_4)","decl":{"start":{"line":44,"column":16},"end":{"line":44,"column":17}},"loc":{"start":{"line":44,"column":22},"end":{"line":44,"column":28}}},"3":{"name":"(anonymous_5)","decl":{"start":{"line":56,"column":12},"end":{"line":56,"column":13}},"loc":{"start":{"line":56,"column":18},"end":{"line":56,"column":24}}}},"branchMap":{"0":{"loc":{"start":{"line":45,"column":35},"end":{"line":45,"column":109}},"type":"cond-expr","locations":[{"start":{"line":45,"column":66},"end":{"line":45,"column":86}},{"start":{"line":45,"column":89},"end":{"line":45,"column":109}}]},"1":{"loc":{"start":{"line":57,"column":27},"end":{"line":57,"column":101}},"type":"cond-expr","locations":[{"start":{"line":57,"column":58},"end":{"line":57,"column":78}},{"start":{"line":57,"column":81},"end":{"line":57,"column":101}}]}},"s":{"0":0,"1":0,"2":0,"3":0,"4":0,"5":0,"6":0,"7":0,"8":0},"f":{"0":0,"1":0,"2":0,"3":0},"b":{"0":[0,0],"1":[0,0]}}
,"/home/joshua/Desktop/micro-frontend-vanilla/packages/app1/src/bootstrap.tsx": {"path":"/home/joshua/Desktop/micro-frontend-vanilla/packages/app1/src/bootstrap.tsx","statementMap":{"0":{"start":{"line":1,"column":0},"end":{"line":1,"column":25}},"1":{"start":{"line":2,"column":0},"end":{"line":2,"column":39}},"2":{"start":{"line":3,"column":0},"end":{"line":3,"column":48}},"3":{"start":{"line":5,"column":0},"end":{"line":5,"column":25}},"4":{"start":{"line":7,"column":20},"end":{"line":7,"column":51}},"5":{"start":{"line":9,"column":13},"end":{"line":9,"column":60}},"6":{"start":{"line":10,"column":0},"end":{"line":16,"column":null}}},"fnMap":{},"branchMap":{},"s":{"0":0,"1":0,"2":0,"3":0,"4":0,"5":0,"6":0},"f":{},"b":{}}
,"/home/joshua/Desktop/micro-frontend-vanilla/packages/app1/src/index.tsx": {"path":"/home/joshua/Desktop/micro-frontend-vanilla/packages/app1/src/index.tsx","statementMap":{"0":{"start":{"line":1,"column":0},"end":{"line":1,"column":21}},"1":{"start":{"line":3,"column":0},"end":{"line":3,"column":null}}},"fnMap":{"0":{"name":"(anonymous_6)","decl":{"start":{"line":1,"column":0},"end":{"line":1,"column":7}},"loc":{"start":{"line":1,"column":0},"end":{"line":1,"column":21}}}},"branchMap":{},"s":{"0":0,"1":0},"f":{"0":0},"b":{}}
,"/home/joshua/Desktop/micro-frontend-vanilla/packages/app1/src/components/ExampleCard.tsx": {"path":"/home/joshua/Desktop/micro-frontend-vanilla/packages/app1/src/components/ExampleCard.tsx","statementMap":{"0":{"start":{"line":1,"column":0},"end":{"line":1,"column":null}},"1":{"start":{"line":10,"column":20},"end":{"line":38,"column":1}},"2":{"start":{"line":11,"column":2},"end":{"line":37,"column":null}},"3":{"start":{"line":40,"column":0},"end":{"line":40,"column":null}}},"fnMap":{"0":{"name":"(anonymous_2)","decl":{"start":{"line":10,"column":20},"end":{"line":10,"column":null}},"loc":{"start":{"line":10,"column":20},"end":{"line":38,"column":1}}}},"branchMap":{},"s":{"0":1,"1":1,"2":1,"3":1},"f":{"0":1},"b":{}}
}
