{"C:\\Users\\josh\\Desktop\\micro-frontend-vanilla\\packages\\app1\\src\\Shell.tsx": {"path":"C:\\Users\\josh\\Desktop\\micro-frontend-vanilla\\packages\\app1\\src\\Shell.tsx","statementMap":{"0":{"start":{"line":1,"column":0},"end":{"line":1,"column":120}},"1":{"start":{"line":7,"column":24},"end":{"line":68,"column":1}},"2":{"start":{"line":7,"column":35},"end":{"line":7,"column":44}},"3":{"start":{"line":9,"column":22},"end":{"line":37,"column":3}},"4":{"start":{"line":10,"column":4},"end":{"line":36,"column":null}},"5":{"start":{"line":39,"column":2},"end":{"line":67,"column":4}},"6":{"start":{"line":44,"column":27},"end":{"line":46,"column":null}},"7":{"start":{"line":56,"column":23},"end":{"line":60,"column":null}},"8":{"start":{"line":70,"column":0},"end":{"line":70,"column":null}}},"fnMap":{"0":{"name":"(anonymous_2)","decl":{"start":{"line":7,"column":24},"end":{"line":7,"column":25}},"loc":{"start":{"line":7,"column":44},"end":{"line":68,"column":1}}},"1":{"name":"(anonymous_3)","decl":{"start":{"line":9,"column":22},"end":{"line":9,"column":null}},"loc":{"start":{"line":9,"column":22},"end":{"line":37,"column":3}}},"2":{"name":"(anonymous_4)","decl":{"start":{"line":44,"column":16},"end":{"line":44,"column":17}},"loc":{"start":{"line":44,"column":22},"end":{"line":44,"column":28}}},"3":{"name":"(anonymous_5)","decl":{"start":{"line":56,"column":12},"end":{"line":56,"column":13}},"loc":{"start":{"line":56,"column":18},"end":{"line":56,"column":24}}}},"branchMap":{"0":{"loc":{"start":{"line":45,"column":35},"end":{"line":45,"column":109}},"type":"cond-expr","locations":[{"start":{"line":45,"column":66},"end":{"line":45,"column":86}},{"start":{"line":45,"column":89},"end":{"line":45,"column":109}}]},"1":{"loc":{"start":{"line":57,"column":27},"end":{"line":57,"column":101}},"type":"cond-expr","locations":[{"start":{"line":57,"column":58},"end":{"line":57,"column":78}},{"start":{"line":57,"column":81},"end":{"line":57,"column":101}}]}},"s":{"0":0,"1":0,"2":0,"3":0,"4":0,"5":0,"6":0,"7":0,"8":0},"f":{"0":0,"1":0,"2":0,"3":0},"b":{"0":[0,0],"1":[0,0]}}
,"C:\\Users\\josh\\Desktop\\micro-frontend-vanilla\\packages\\app1\\src\\index.tsx": {"path":"C:\\Users\\josh\\Desktop\\micro-frontend-vanilla\\packages\\app1\\src\\index.tsx","statementMap":{"0":{"start":{"line":1,"column":0},"end":{"line":1,"column":21}},"1":{"start":{"line":3,"column":0},"end":{"line":3,"column":null}}},"fnMap":{"0":{"name":"(anonymous_6)","decl":{"start":{"line":1,"column":0},"end":{"line":1,"column":7}},"loc":{"start":{"line":1,"column":0},"end":{"line":1,"column":21}}}},"branchMap":{},"s":{"0":0,"1":0},"f":{"0":0},"b":{}}
,"C:\\Users\\josh\\Desktop\\micro-frontend-vanilla\\packages\\app1\\src\\components\\Hello.tsx": {"path":"C:\\Users\\josh\\Desktop\\micro-frontend-vanilla\\packages\\app1\\src\\components\\Hello.tsx","statementMap":{"0":{"start":{"line":1,"column":21},"end":{"line":3,"column":1}},"1":{"start":{"line":2,"column":2},"end":{"line":2,"column":null}},"2":{"start":{"line":1,"column":13},"end":{"line":1,"column":21}}},"fnMap":{"0":{"name":"(anonymous_0)","decl":{"start":{"line":1,"column":21},"end":{"line":1,"column":null}},"loc":{"start":{"line":1,"column":21},"end":{"line":3,"column":1}}}},"branchMap":{},"s":{"0":1,"1":1,"2":1},"f":{"0":1},"b":{}}
,"C:\\Users\\josh\\Desktop\\micro-frontend-vanilla\\packages\\app1\\src\\components\\sum.ts": {"path":"C:\\Users\\josh\\Desktop\\micro-frontend-vanilla\\packages\\app1\\src\\components\\sum.ts","statementMap":{"0":{"start":{"line":1,"column":19},"end":{"line":3,"column":1}},"1":{"start":{"line":2,"column":2},"end":{"line":2,"column":null}},"2":{"start":{"line":1,"column":13},"end":{"line":1,"column":19}}},"fnMap":{"0":{"name":"(anonymous_0)","decl":{"start":{"line":1,"column":19},"end":{"line":1,"column":20}},"loc":{"start":{"line":1,"column":40},"end":{"line":3,"column":1}}}},"branchMap":{},"s":{"0":1,"1":1,"2":1},"f":{"0":1},"b":{}}
}
