<?xml version="1.0" encoding="UTF-8"?>
<coverage generated="1662521480039" clover="3.2.0">
  <project timestamp="1662521480039" name="All files">
    <metrics statements="19" coveredstatements="4" conditionals="8" coveredconditionals="0" methods="5" coveredmethods="1" elements="32" coveredelements="5" complexity="0" loc="19" ncloc="19" packages="2" files="4" classes="4"/>
    <package name="src">
      <metrics statements="15" coveredstatements="0" conditionals="8" coveredconditionals="0" methods="4" coveredmethods="0"/>
      <file name="App2.tsx" path="/home/joshua/Desktop/micro-frontend-vanilla/packages/app2/src/App2.tsx">
        <metrics statements="7" coveredstatements="0" conditionals="8" coveredconditionals="0" methods="3" coveredmethods="0"/>
        <line num="1" count="0" type="stmt"/>
        <line num="14" count="0" type="stmt"/>
        <line num="20" count="0" type="stmt"/>
        <line num="21" count="0" type="stmt"/>
        <line num="27" count="0" type="stmt"/>
        <line num="48" count="0" type="stmt"/>
        <line num="64" count="0" type="stmt"/>
      </file>
      <file name="bootstrap.tsx" path="/home/joshua/Desktop/micro-frontend-vanilla/packages/app2/src/bootstrap.tsx">
        <metrics statements="6" coveredstatements="0" conditionals="0" coveredconditionals="0" methods="0" coveredmethods="0"/>
        <line num="1" count="0" type="stmt"/>
        <line num="2" count="0" type="stmt"/>
        <line num="4" count="0" type="stmt"/>
        <line num="6" count="0" type="stmt"/>
        <line num="8" count="0" type="stmt"/>
        <line num="9" count="0" type="stmt"/>
      </file>
      <file name="index.tsx" path="/home/joshua/Desktop/micro-frontend-vanilla/packages/app2/src/index.tsx">
        <metrics statements="2" coveredstatements="0" conditionals="0" coveredconditionals="0" methods="1" coveredmethods="0"/>
        <line num="1" count="0" type="stmt"/>
        <line num="3" count="0" type="stmt"/>
      </file>
    </package>
    <package name="src.components">
      <metrics statements="4" coveredstatements="4" conditionals="0" coveredconditionals="0" methods="1" coveredmethods="1"/>
      <file name="ExampleCard.tsx" path="/home/joshua/Desktop/micro-frontend-vanilla/packages/app2/src/components/ExampleCard.tsx">
        <metrics statements="4" coveredstatements="4" conditionals="0" coveredconditionals="0" methods="1" coveredmethods="1"/>
        <line num="1" count="1" type="stmt"/>
        <line num="10" count="1" type="stmt"/>
        <line num="11" count="1" type="stmt"/>
        <line num="40" count="1" type="stmt"/>
      </file>
    </package>
  </project>
</coverage>
