{"C:\\Users\\josh\\Desktop\\micro-frontend-vanilla\\packages\\app2\\src\\App.tsx": {"path":"C:\\Users\\josh\\Desktop\\micro-frontend-vanilla\\packages\\app2\\src\\App.tsx","statementMap":{"0":{"start":{"line":1,"column":0},"end":{"line":1,"column":102}},"1":{"start":{"line":7,"column":20},"end":{"line":35,"column":1}},"2":{"start":{"line":8,"column":2},"end":{"line":34,"column":null}},"3":{"start":{"line":37,"column":29},"end":{"line":70,"column":1}},"4":{"start":{"line":37,"column":42},"end":{"line":37,"column":51}},"5":{"start":{"line":39,"column":2},"end":{"line":69,"column":null}},"6":{"start":{"line":45,"column":29},"end":{"line":47,"column":null}},"7":{"start":{"line":59,"column":23},"end":{"line":63,"column":null}},"8":{"start":{"line":72,"column":0},"end":{"line":72,"column":null}}},"fnMap":{"0":{"name":"(anonymous_2)","decl":{"start":{"line":7,"column":20},"end":{"line":7,"column":null}},"loc":{"start":{"line":7,"column":20},"end":{"line":35,"column":1}}},"1":{"name":"(anonymous_3)","decl":{"start":{"line":37,"column":29},"end":{"line":37,"column":30}},"loc":{"start":{"line":37,"column":51},"end":{"line":70,"column":1}}},"2":{"name":"(anonymous_4)","decl":{"start":{"line":45,"column":18},"end":{"line":45,"column":19}},"loc":{"start":{"line":45,"column":24},"end":{"line":45,"column":30}}},"3":{"name":"(anonymous_5)","decl":{"start":{"line":59,"column":12},"end":{"line":59,"column":13}},"loc":{"start":{"line":59,"column":18},"end":{"line":59,"column":24}}}},"branchMap":{"0":{"loc":{"start":{"line":41,"column":7},"end":{"line":54,"column":null}},"type":"binary-expr","locations":[{"start":{"line":41,"column":7},"end":{"line":41,"column":17}},{"start":{"line":42,"column":8},"end":{"line":53,"column":null}}]},"1":{"loc":{"start":{"line":46,"column":37},"end":{"line":46,"column":111}},"type":"cond-expr","locations":[{"start":{"line":46,"column":68},"end":{"line":46,"column":88}},{"start":{"line":46,"column":91},"end":{"line":46,"column":111}}]},"2":{"loc":{"start":{"line":60,"column":27},"end":{"line":60,"column":101}},"type":"cond-expr","locations":[{"start":{"line":60,"column":58},"end":{"line":60,"column":78}},{"start":{"line":60,"column":81},"end":{"line":60,"column":101}}]},"3":{"loc":{"start":{"line":61,"column":18},"end":{"line":61,"column":47}},"type":"cond-expr","locations":[{"start":{"line":61,"column":31},"end":{"line":61,"column":38}},{"start":{"line":61,"column":41},"end":{"line":61,"column":47}}]}},"s":{"0":0,"1":0,"2":0,"3":0,"4":0,"5":0,"6":0,"7":0,"8":0},"f":{"0":0,"1":0,"2":0,"3":0},"b":{"0":[0,0],"1":[0,0],"2":[0,0],"3":[0,0]}}
,"C:\\Users\\josh\\Desktop\\micro-frontend-vanilla\\packages\\app2\\src\\bootstrap.tsx": {"path":"C:\\Users\\josh\\Desktop\\micro-frontend-vanilla\\packages\\app2\\src\\bootstrap.tsx","statementMap":{"0":{"start":{"line":1,"column":0},"end":{"line":1,"column":25}},"1":{"start":{"line":2,"column":0},"end":{"line":2,"column":39}},"2":{"start":{"line":4,"column":0},"end":{"line":4,"column":23}},"3":{"start":{"line":6,"column":20},"end":{"line":6,"column":51}},"4":{"start":{"line":8,"column":13},"end":{"line":8,"column":60}},"5":{"start":{"line":9,"column":0},"end":{"line":13,"column":null}}},"fnMap":{},"branchMap":{},"s":{"0":0,"1":0,"2":0,"3":0,"4":0,"5":0},"f":{},"b":{}}
,"C:\\Users\\josh\\Desktop\\micro-frontend-vanilla\\packages\\app2\\src\\index.tsx": {"path":"C:\\Users\\josh\\Desktop\\micro-frontend-vanilla\\packages\\app2\\src\\index.tsx","statementMap":{"0":{"start":{"line":1,"column":0},"end":{"line":1,"column":21}},"1":{"start":{"line":3,"column":0},"end":{"line":3,"column":null}}},"fnMap":{"0":{"name":"(anonymous_6)","decl":{"start":{"line":1,"column":0},"end":{"line":1,"column":7}},"loc":{"start":{"line":1,"column":0},"end":{"line":1,"column":21}}}},"branchMap":{},"s":{"0":0,"1":0},"f":{"0":0},"b":{}}
,"C:\\Users\\josh\\Desktop\\micro-frontend-vanilla\\packages\\app2\\src\\components\\Hello.tsx": {"path":"C:\\Users\\josh\\Desktop\\micro-frontend-vanilla\\packages\\app2\\src\\components\\Hello.tsx","statementMap":{"0":{"start":{"line":1,"column":21},"end":{"line":3,"column":1}},"1":{"start":{"line":2,"column":2},"end":{"line":2,"column":null}},"2":{"start":{"line":1,"column":13},"end":{"line":1,"column":21}}},"fnMap":{"0":{"name":"(anonymous_0)","decl":{"start":{"line":1,"column":21},"end":{"line":1,"column":null}},"loc":{"start":{"line":1,"column":21},"end":{"line":3,"column":1}}}},"branchMap":{},"s":{"0":1,"1":1,"2":1},"f":{"0":1},"b":{}}
}
