{"/home/joshua/Desktop/micro-frontend-vanilla/packages/app2/src/App2.tsx": {"path":"/home/joshua/Desktop/micro-frontend-vanilla/packages/app2/src/App2.tsx","statementMap":{"0":{"start":{"line":1,"column":0},"end":{"line":1,"column":null}},"1":{"start":{"line":14,"column":0},"end":{"line":14,"column":50}},"2":{"start":{"line":20,"column":30},"end":{"line":62,"column":1}},"3":{"start":{"line":20,"column":43},"end":{"line":20,"column":52}},"4":{"start":{"line":21,"column":2},"end":{"line":61,"column":null}},"5":{"start":{"line":27,"column":29},"end":{"line":34,"column":null}},"6":{"start":{"line":48,"column":23},"end":{"line":55,"column":null}},"7":{"start":{"line":64,"column":0},"end":{"line":64,"column":null}}},"fnMap":{"0":{"name":"(anonymous_3)","decl":{"start":{"line":20,"column":30},"end":{"line":20,"column":31}},"loc":{"start":{"line":20,"column":52},"end":{"line":62,"column":1}}},"1":{"name":"(anonymous_4)","decl":{"start":{"line":27,"column":18},"end":{"line":27,"column":19}},"loc":{"start":{"line":27,"column":24},"end":{"line":27,"column":30}}},"2":{"name":"(anonymous_5)","decl":{"start":{"line":48,"column":12},"end":{"line":48,"column":13}},"loc":{"start":{"line":48,"column":18},"end":{"line":48,"column":24}}}},"branchMap":{"0":{"loc":{"start":{"line":23,"column":7},"end":{"line":44,"column":null}},"type":"binary-expr","locations":[{"start":{"line":23,"column":7},"end":{"line":23,"column":17}},{"start":{"line":24,"column":8},"end":{"line":43,"column":null}}]},"1":{"loc":{"start":{"line":30,"column":16},"end":{"line":32,"column":40}},"type":"cond-expr","locations":[{"start":{"line":31,"column":20},"end":{"line":31,"column":40}},{"start":{"line":32,"column":20},"end":{"line":32,"column":40}}]},"2":{"loc":{"start":{"line":50,"column":12},"end":{"line":52,"column":36}},"type":"cond-expr","locations":[{"start":{"line":51,"column":16},"end":{"line":51,"column":36}},{"start":{"line":52,"column":16},"end":{"line":52,"column":36}}]},"3":{"loc":{"start":{"line":53,"column":18},"end":{"line":53,"column":47}},"type":"cond-expr","locations":[{"start":{"line":53,"column":31},"end":{"line":53,"column":38}},{"start":{"line":53,"column":41},"end":{"line":53,"column":47}}]}},"s":{"0":0,"1":0,"2":0,"3":0,"4":0,"5":0,"6":0,"7":0},"f":{"0":0,"1":0,"2":0},"b":{"0":[0,0],"1":[0,0],"2":[0,0],"3":[0,0]}}
,"/home/joshua/Desktop/micro-frontend-vanilla/packages/app2/src/bootstrap.tsx": {"path":"/home/joshua/Desktop/micro-frontend-vanilla/packages/app2/src/bootstrap.tsx","statementMap":{"0":{"start":{"line":1,"column":0},"end":{"line":1,"column":25}},"1":{"start":{"line":2,"column":0},"end":{"line":2,"column":39}},"2":{"start":{"line":4,"column":0},"end":{"line":4,"column":25}},"3":{"start":{"line":6,"column":20},"end":{"line":6,"column":51}},"4":{"start":{"line":8,"column":13},"end":{"line":8,"column":60}},"5":{"start":{"line":9,"column":0},"end":{"line":13,"column":null}}},"fnMap":{},"branchMap":{},"s":{"0":0,"1":0,"2":0,"3":0,"4":0,"5":0},"f":{},"b":{}}
,"/home/joshua/Desktop/micro-frontend-vanilla/packages/app2/src/index.tsx": {"path":"/home/joshua/Desktop/micro-frontend-vanilla/packages/app2/src/index.tsx","statementMap":{"0":{"start":{"line":1,"column":0},"end":{"line":1,"column":21}},"1":{"start":{"line":3,"column":0},"end":{"line":3,"column":null}}},"fnMap":{"0":{"name":"(anonymous_6)","decl":{"start":{"line":1,"column":0},"end":{"line":1,"column":7}},"loc":{"start":{"line":1,"column":0},"end":{"line":1,"column":21}}}},"branchMap":{},"s":{"0":0,"1":0},"f":{"0":0},"b":{}}
,"/home/joshua/Desktop/micro-frontend-vanilla/packages/app2/src/components/ExampleCard.tsx": {"path":"/home/joshua/Desktop/micro-frontend-vanilla/packages/app2/src/components/ExampleCard.tsx","statementMap":{"0":{"start":{"line":1,"column":0},"end":{"line":1,"column":null}},"1":{"start":{"line":10,"column":20},"end":{"line":38,"column":1}},"2":{"start":{"line":11,"column":2},"end":{"line":37,"column":null}},"3":{"start":{"line":40,"column":0},"end":{"line":40,"column":null}}},"fnMap":{"0":{"name":"(anonymous_2)","decl":{"start":{"line":10,"column":20},"end":{"line":10,"column":null}},"loc":{"start":{"line":10,"column":20},"end":{"line":38,"column":1}}}},"branchMap":{},"s":{"0":1,"1":1,"2":1,"3":1},"f":{"0":1},"b":{}}
}
