TN:
SF:src\App.tsx
FN:7,(anonymous_2)
FN:37,(anonymous_3)
FN:45,(anonymous_4)
FN:59,(anonymous_5)
FNF:4
FNH:0
FNDA:0,(anonymous_2)
FNDA:0,(anonymous_3)
FNDA:0,(anonymous_4)
FNDA:0,(anonymous_5)
DA:1,0
DA:7,0
DA:8,0
DA:37,0
DA:39,0
DA:45,0
DA:59,0
DA:72,0
LF:8
LH:0
BRDA:41,0,0,0
BRDA:41,0,1,0
BRDA:46,1,0,0
BRDA:46,1,1,0
BRDA:60,2,0,0
BRDA:60,2,1,0
BRDA:61,3,0,0
BRDA:61,3,1,0
BRF:8
BRH:0
end_of_record
TN:
SF:src\bootstrap.tsx
FNF:0
FNH:0
DA:1,0
DA:2,0
DA:4,0
DA:6,0
DA:8,0
DA:9,0
LF:6
LH:0
BRF:0
BRH:0
end_of_record
TN:
SF:src\index.tsx
FN:1,(anonymous_6)
FNF:1
FNH:0
FNDA:0,(anonymous_6)
DA:1,0
DA:3,0
LF:2
LH:0
BRF:0
BRH:0
end_of_record
TN:
SF:src\components\Hello.tsx
FN:1,(anonymous_0)
FNF:1
FNH:1
FNDA:1,(anonymous_0)
DA:1,1
DA:2,1
LF:2
LH:2
BRF:0
BRH:0
end_of_record
